\BOOKMARK [0][-]{part.1}{I Algorithm Basics}{}% 1
\BOOKMARK [1][-]{section.1}{Introduction}{part.1}% 2
\BOOKMARK [2][-]{subsection.1.1}{Algorithm Case Examples }{section.1}% 3
\BOOKMARK [2][-]{subsection.1.2}{Algorithms as Functions of Input Size}{section.1}% 4
\BOOKMARK [2][-]{subsection.1.3}{Bounds }{section.1}% 5
\BOOKMARK [2][-]{subsection.1.4}{Best/Worst Case + Lower/Upper Bound }{section.1}% 6
\BOOKMARK [2][-]{subsection.1.5}{Examples of Case Bounds}{section.1}% 7
\BOOKMARK [2][-]{subsection.1.6}{Misconceptions and Terminology}{section.1}% 8
\BOOKMARK [2][-]{subsection.1.7}{Reference}{section.1}% 9
\BOOKMARK [1][-]{section.2}{The asymptotic efficiency of algorithms}{part.1}% 10
\BOOKMARK [2][-]{subsection.2.1}{Asymptotic notation }{section.2}% 11
\BOOKMARK [2][-]{subsection.2.2}{Lower Bounds}{section.2}% 12
\BOOKMARK [2][-]{subsection.2.3}{Proving Lower Bounds}{section.2}% 13
\BOOKMARK [2][-]{subsection.2.4}{Conclusions }{section.2}% 14
\BOOKMARK [0][-]{part.2}{II Algorithm Design and Analysis Paradigms}{}% 15
\BOOKMARK [1][-]{section.3}{Recurrence Relation}{part.2}% 16
\BOOKMARK [1][-]{section.4}{Quick Sort}{part.2}% 17
\BOOKMARK [2][-]{subsection.4.1}{Algorithm:}{section.4}% 18
\BOOKMARK [2][-]{subsection.4.2}{Performance:}{section.4}% 19
\BOOKMARK [1][-]{section.5}{Selection/ order}{part.2}% 20
\BOOKMARK [2][-]{subsection.5.1}{Randomized-select}{section.5}% 21
\BOOKMARK [0][-]{part.3}{III Graph Algorithms}{}% 22
\BOOKMARK [0][-]{part.4}{IV NP-completeness}{}% 23
\BOOKMARK [0][-]{part.5}{V Approximation Algorithms}{}% 24
\BOOKMARK [0][-]{part.6}{VI Randomized Algorithms}{}% 25
